Date and time: 2024-03-27 02:34:03.860583 
Function name: hello_world 
Arguments: (), {} 
Result: Hello World 
Date and time: 2024-03-27 02:34:03.860583 
Function name: summator 
Arguments: (2, 2), {} 
Result: 4 
Date and time: 2024-03-27 02:34:03.860583 
Function name: div 
Arguments: (6, 2), {} 
Result: 3.0 
Date and time: 2024-03-27 02:34:03.861581 
Function name: summator 
Arguments: (4.3,), {'b': 2.2} 
Result: 6.5 
Date and time: 2024-03-27 02:34:03.862134 
Function name: summator 
Arguments: (), {'a': 0, 'b': 0} 
Result: 0 
